Performing C SOURCE FILE Test CMAKE_HAVE_LIBC_PTHREAD failed with the following output:
Change Dir: /home/mugesh/Project/image_stitching/build/CMakeFiles/CMakeTmp

Run Build Command(s):/usr/bin/make cmTC_4169d/fast && /usr/bin/make -f CMakeFiles/cmTC_4169d.dir/build.make CMakeFiles/cmTC_4169d.dir/build
make[1]: Entering directory '/home/mugesh/Project/image_stitching/build/CMakeFiles/CMakeTmp'
Building C object CMakeFiles/cmTC_4169d.dir/src.c.o
/usr/bin/cc   -fPIC -DCMAKE_HAVE_LIBC_PTHREAD   -o CMakeFiles/cmTC_4169d.dir/src.c.o   -c /home/mugesh/Project/image_stitching/build/CMakeFiles/CMakeTmp/src.c
Linking C executable cmTC_4169d
/usr/bin/cmake -E cmake_link_script CMakeFiles/cmTC_4169d.dir/link.txt --verbose=1
/usr/bin/cc -fPIC -DCMAKE_HAVE_LIBC_PTHREAD    CMakeFiles/cmTC_4169d.dir/src.c.o  -o cmTC_4169d 
/usr/bin/ld: CMakeFiles/cmTC_4169d.dir/src.c.o: in function `main':
src.c:(.text+0x46): undefined reference to `pthread_create'
/usr/bin/ld: src.c:(.text+0x52): undefined reference to `pthread_detach'
/usr/bin/ld: src.c:(.text+0x63): undefined reference to `pthread_join'
collect2: error: ld returned 1 exit status
make[1]: *** [CMakeFiles/cmTC_4169d.dir/build.make:87: cmTC_4169d] Error 1
make[1]: Leaving directory '/home/mugesh/Project/image_stitching/build/CMakeFiles/CMakeTmp'
make: *** [Makefile:121: cmTC_4169d/fast] Error 2


Source file was:
#include <pthread.h>

void* test_func(void* data)
{
  return data;
}

int main(void)
{
  pthread_t thread;
  pthread_create(&thread, NULL, test_func, NULL);
  pthread_detach(thread);
  pthread_join(thread, NULL);
  pthread_atfork(NULL, NULL, NULL);
  pthread_exit(NULL);

  return 0;
}

Determining if the function pthread_create exists in the pthreads failed with the following output:
Change Dir: /home/mugesh/Project/image_stitching/build/CMakeFiles/CMakeTmp

Run Build Command(s):/usr/bin/make cmTC_86f75/fast && /usr/bin/make -f CMakeFiles/cmTC_86f75.dir/build.make CMakeFiles/cmTC_86f75.dir/build
make[1]: Entering directory '/home/mugesh/Project/image_stitching/build/CMakeFiles/CMakeTmp'
Building C object CMakeFiles/cmTC_86f75.dir/CheckFunctionExists.c.o
/usr/bin/cc   -fPIC -DCHECK_FUNCTION_EXISTS=pthread_create   -o CMakeFiles/cmTC_86f75.dir/CheckFunctionExists.c.o   -c /usr/share/cmake-3.16/Modules/CheckFunctionExists.c
Linking C executable cmTC_86f75
/usr/bin/cmake -E cmake_link_script CMakeFiles/cmTC_86f75.dir/link.txt --verbose=1
/usr/bin/cc -fPIC -DCHECK_FUNCTION_EXISTS=pthread_create    CMakeFiles/cmTC_86f75.dir/CheckFunctionExists.c.o  -o cmTC_86f75  -lpthreads 
/usr/bin/ld: cannot find -lpthreads
collect2: error: ld returned 1 exit status
make[1]: *** [CMakeFiles/cmTC_86f75.dir/build.make:87: cmTC_86f75] Error 1
make[1]: Leaving directory '/home/mugesh/Project/image_stitching/build/CMakeFiles/CMakeTmp'
make: *** [Makefile:121: cmTC_86f75/fast] Error 2



Performing C SOURCE FILE Test CMAKE_HAVE_LIBC_PTHREAD failed with the following output:
Change Dir: /home/mugesh/Project/image_stitching/build/CMakeFiles/CMakeTmp

Run Build Command(s):/usr/bin/make cmTC_a2dce/fast && /usr/bin/make -f CMakeFiles/cmTC_a2dce.dir/build.make CMakeFiles/cmTC_a2dce.dir/build
make[1]: Entering directory '/home/mugesh/Project/image_stitching/build/CMakeFiles/CMakeTmp'
Building C object CMakeFiles/cmTC_a2dce.dir/src.c.o
/usr/bin/cc   -fPIC -DCMAKE_HAVE_LIBC_PTHREAD   -o CMakeFiles/cmTC_a2dce.dir/src.c.o   -c /home/mugesh/Project/image_stitching/build/CMakeFiles/CMakeTmp/src.c
Linking C executable cmTC_a2dce
/usr/bin/cmake -E cmake_link_script CMakeFiles/cmTC_a2dce.dir/link.txt --verbose=1
/usr/bin/cc -fPIC -DCMAKE_HAVE_LIBC_PTHREAD    CMakeFiles/cmTC_a2dce.dir/src.c.o  -o cmTC_a2dce 
/usr/bin/ld: CMakeFiles/cmTC_a2dce.dir/src.c.o: in function `main':
src.c:(.text+0x46): undefined reference to `pthread_create'
/usr/bin/ld: src.c:(.text+0x52): undefined reference to `pthread_detach'
/usr/bin/ld: src.c:(.text+0x63): undefined reference to `pthread_join'
collect2: error: ld returned 1 exit status
make[1]: *** [CMakeFiles/cmTC_a2dce.dir/build.make:87: cmTC_a2dce] Error 1
make[1]: Leaving directory '/home/mugesh/Project/image_stitching/build/CMakeFiles/CMakeTmp'
make: *** [Makefile:121: cmTC_a2dce/fast] Error 2


Source file was:
#include <pthread.h>

void* test_func(void* data)
{
  return data;
}

int main(void)
{
  pthread_t thread;
  pthread_create(&thread, NULL, test_func, NULL);
  pthread_detach(thread);
  pthread_join(thread, NULL);
  pthread_atfork(NULL, NULL, NULL);
  pthread_exit(NULL);

  return 0;
}

Determining if the function pthread_create exists in the pthreads failed with the following output:
Change Dir: /home/mugesh/Project/image_stitching/build/CMakeFiles/CMakeTmp

Run Build Command(s):/usr/bin/make cmTC_add7d/fast && /usr/bin/make -f CMakeFiles/cmTC_add7d.dir/build.make CMakeFiles/cmTC_add7d.dir/build
make[1]: Entering directory '/home/mugesh/Project/image_stitching/build/CMakeFiles/CMakeTmp'
Building C object CMakeFiles/cmTC_add7d.dir/CheckFunctionExists.c.o
/usr/bin/cc   -fPIC -DCHECK_FUNCTION_EXISTS=pthread_create   -o CMakeFiles/cmTC_add7d.dir/CheckFunctionExists.c.o   -c /usr/share/cmake-3.16/Modules/CheckFunctionExists.c
Linking C executable cmTC_add7d
/usr/bin/cmake -E cmake_link_script CMakeFiles/cmTC_add7d.dir/link.txt --verbose=1
/usr/bin/cc -fPIC -DCHECK_FUNCTION_EXISTS=pthread_create    CMakeFiles/cmTC_add7d.dir/CheckFunctionExists.c.o  -o cmTC_add7d  -lpthreads 
/usr/bin/ld: cannot find -lpthreads
collect2: error: ld returned 1 exit status
make[1]: *** [CMakeFiles/cmTC_add7d.dir/build.make:87: cmTC_add7d] Error 1
make[1]: Leaving directory '/home/mugesh/Project/image_stitching/build/CMakeFiles/CMakeTmp'
make: *** [Makefile:121: cmTC_add7d/fast] Error 2



Performing C SOURCE FILE Test CMAKE_HAVE_LIBC_PTHREAD failed with the following output:
Change Dir: /home/mugesh/Project/image_stitching/build/CMakeFiles/CMakeTmp

Run Build Command(s):/usr/bin/make cmTC_84abe/fast && /usr/bin/make -f CMakeFiles/cmTC_84abe.dir/build.make CMakeFiles/cmTC_84abe.dir/build
make[1]: Entering directory '/home/mugesh/Project/image_stitching/build/CMakeFiles/CMakeTmp'
Building C object CMakeFiles/cmTC_84abe.dir/src.c.o
/usr/bin/cc   -fPIC -DCMAKE_HAVE_LIBC_PTHREAD   -o CMakeFiles/cmTC_84abe.dir/src.c.o   -c /home/mugesh/Project/image_stitching/build/CMakeFiles/CMakeTmp/src.c
Linking C executable cmTC_84abe
/usr/bin/cmake -E cmake_link_script CMakeFiles/cmTC_84abe.dir/link.txt --verbose=1
/usr/bin/cc -fPIC -DCMAKE_HAVE_LIBC_PTHREAD    CMakeFiles/cmTC_84abe.dir/src.c.o  -o cmTC_84abe 
/usr/bin/ld: CMakeFiles/cmTC_84abe.dir/src.c.o: in function `main':
src.c:(.text+0x46): undefined reference to `pthread_create'
/usr/bin/ld: src.c:(.text+0x52): undefined reference to `pthread_detach'
/usr/bin/ld: src.c:(.text+0x63): undefined reference to `pthread_join'
collect2: error: ld returned 1 exit status
make[1]: *** [CMakeFiles/cmTC_84abe.dir/build.make:87: cmTC_84abe] Error 1
make[1]: Leaving directory '/home/mugesh/Project/image_stitching/build/CMakeFiles/CMakeTmp'
make: *** [Makefile:121: cmTC_84abe/fast] Error 2


Source file was:
#include <pthread.h>

void* test_func(void* data)
{
  return data;
}

int main(void)
{
  pthread_t thread;
  pthread_create(&thread, NULL, test_func, NULL);
  pthread_detach(thread);
  pthread_join(thread, NULL);
  pthread_atfork(NULL, NULL, NULL);
  pthread_exit(NULL);

  return 0;
}

Determining if the function pthread_create exists in the pthreads failed with the following output:
Change Dir: /home/mugesh/Project/image_stitching/build/CMakeFiles/CMakeTmp

Run Build Command(s):/usr/bin/make cmTC_d9f69/fast && /usr/bin/make -f CMakeFiles/cmTC_d9f69.dir/build.make CMakeFiles/cmTC_d9f69.dir/build
make[1]: Entering directory '/home/mugesh/Project/image_stitching/build/CMakeFiles/CMakeTmp'
Building C object CMakeFiles/cmTC_d9f69.dir/CheckFunctionExists.c.o
/usr/bin/cc   -fPIC -DCHECK_FUNCTION_EXISTS=pthread_create   -o CMakeFiles/cmTC_d9f69.dir/CheckFunctionExists.c.o   -c /usr/share/cmake-3.16/Modules/CheckFunctionExists.c
Linking C executable cmTC_d9f69
/usr/bin/cmake -E cmake_link_script CMakeFiles/cmTC_d9f69.dir/link.txt --verbose=1
/usr/bin/cc -fPIC -DCHECK_FUNCTION_EXISTS=pthread_create    CMakeFiles/cmTC_d9f69.dir/CheckFunctionExists.c.o  -o cmTC_d9f69  -lpthreads 
/usr/bin/ld: cannot find -lpthreads
collect2: error: ld returned 1 exit status
make[1]: *** [CMakeFiles/cmTC_d9f69.dir/build.make:87: cmTC_d9f69] Error 1
make[1]: Leaving directory '/home/mugesh/Project/image_stitching/build/CMakeFiles/CMakeTmp'
make: *** [Makefile:121: cmTC_d9f69/fast] Error 2



Performing C SOURCE FILE Test CMAKE_HAVE_LIBC_PTHREAD failed with the following output:
Change Dir: /home/mugesh/Project/image_stitching/build/CMakeFiles/CMakeTmp

Run Build Command(s):/usr/bin/make cmTC_9216f/fast && /usr/bin/make -f CMakeFiles/cmTC_9216f.dir/build.make CMakeFiles/cmTC_9216f.dir/build
make[1]: Entering directory '/home/mugesh/Project/image_stitching/build/CMakeFiles/CMakeTmp'
Building C object CMakeFiles/cmTC_9216f.dir/src.c.o
/usr/bin/cc   -fPIC -DCMAKE_HAVE_LIBC_PTHREAD   -o CMakeFiles/cmTC_9216f.dir/src.c.o   -c /home/mugesh/Project/image_stitching/build/CMakeFiles/CMakeTmp/src.c
Linking C executable cmTC_9216f
/usr/bin/cmake -E cmake_link_script CMakeFiles/cmTC_9216f.dir/link.txt --verbose=1
/usr/bin/cc -fPIC -DCMAKE_HAVE_LIBC_PTHREAD    CMakeFiles/cmTC_9216f.dir/src.c.o  -o cmTC_9216f 
/usr/bin/ld: CMakeFiles/cmTC_9216f.dir/src.c.o: in function `main':
src.c:(.text+0x46): undefined reference to `pthread_create'
/usr/bin/ld: src.c:(.text+0x52): undefined reference to `pthread_detach'
/usr/bin/ld: src.c:(.text+0x63): undefined reference to `pthread_join'
collect2: error: ld returned 1 exit status
make[1]: *** [CMakeFiles/cmTC_9216f.dir/build.make:87: cmTC_9216f] Error 1
make[1]: Leaving directory '/home/mugesh/Project/image_stitching/build/CMakeFiles/CMakeTmp'
make: *** [Makefile:121: cmTC_9216f/fast] Error 2


Source file was:
#include <pthread.h>

void* test_func(void* data)
{
  return data;
}

int main(void)
{
  pthread_t thread;
  pthread_create(&thread, NULL, test_func, NULL);
  pthread_detach(thread);
  pthread_join(thread, NULL);
  pthread_atfork(NULL, NULL, NULL);
  pthread_exit(NULL);

  return 0;
}

Determining if the function pthread_create exists in the pthreads failed with the following output:
Change Dir: /home/mugesh/Project/image_stitching/build/CMakeFiles/CMakeTmp

Run Build Command(s):/usr/bin/make cmTC_8e03f/fast && /usr/bin/make -f CMakeFiles/cmTC_8e03f.dir/build.make CMakeFiles/cmTC_8e03f.dir/build
make[1]: Entering directory '/home/mugesh/Project/image_stitching/build/CMakeFiles/CMakeTmp'
Building C object CMakeFiles/cmTC_8e03f.dir/CheckFunctionExists.c.o
/usr/bin/cc   -fPIC -DCHECK_FUNCTION_EXISTS=pthread_create   -o CMakeFiles/cmTC_8e03f.dir/CheckFunctionExists.c.o   -c /usr/share/cmake-3.16/Modules/CheckFunctionExists.c
Linking C executable cmTC_8e03f
/usr/bin/cmake -E cmake_link_script CMakeFiles/cmTC_8e03f.dir/link.txt --verbose=1
/usr/bin/cc -fPIC -DCHECK_FUNCTION_EXISTS=pthread_create    CMakeFiles/cmTC_8e03f.dir/CheckFunctionExists.c.o  -o cmTC_8e03f  -lpthreads 
/usr/bin/ld: cannot find -lpthreads
collect2: error: ld returned 1 exit status
make[1]: *** [CMakeFiles/cmTC_8e03f.dir/build.make:87: cmTC_8e03f] Error 1
make[1]: Leaving directory '/home/mugesh/Project/image_stitching/build/CMakeFiles/CMakeTmp'
make: *** [Makefile:121: cmTC_8e03f/fast] Error 2



Performing C SOURCE FILE Test CMAKE_HAVE_LIBC_PTHREAD failed with the following output:
Change Dir: /home/mugesh/Project/image_stitching/build/CMakeFiles/CMakeTmp

Run Build Command(s):/usr/bin/make cmTC_4bf06/fast && /usr/bin/make -f CMakeFiles/cmTC_4bf06.dir/build.make CMakeFiles/cmTC_4bf06.dir/build
make[1]: Entering directory '/home/mugesh/Project/image_stitching/build/CMakeFiles/CMakeTmp'
Building C object CMakeFiles/cmTC_4bf06.dir/src.c.o
/usr/bin/cc   -fPIC -DCMAKE_HAVE_LIBC_PTHREAD   -o CMakeFiles/cmTC_4bf06.dir/src.c.o   -c /home/mugesh/Project/image_stitching/build/CMakeFiles/CMakeTmp/src.c
Linking C executable cmTC_4bf06
/usr/bin/cmake -E cmake_link_script CMakeFiles/cmTC_4bf06.dir/link.txt --verbose=1
/usr/bin/cc -fPIC -DCMAKE_HAVE_LIBC_PTHREAD    CMakeFiles/cmTC_4bf06.dir/src.c.o  -o cmTC_4bf06 
/usr/bin/ld: CMakeFiles/cmTC_4bf06.dir/src.c.o: in function `main':
src.c:(.text+0x46): undefined reference to `pthread_create'
/usr/bin/ld: src.c:(.text+0x52): undefined reference to `pthread_detach'
/usr/bin/ld: src.c:(.text+0x63): undefined reference to `pthread_join'
collect2: error: ld returned 1 exit status
make[1]: *** [CMakeFiles/cmTC_4bf06.dir/build.make:87: cmTC_4bf06] Error 1
make[1]: Leaving directory '/home/mugesh/Project/image_stitching/build/CMakeFiles/CMakeTmp'
make: *** [Makefile:121: cmTC_4bf06/fast] Error 2


Source file was:
#include <pthread.h>

void* test_func(void* data)
{
  return data;
}

int main(void)
{
  pthread_t thread;
  pthread_create(&thread, NULL, test_func, NULL);
  pthread_detach(thread);
  pthread_join(thread, NULL);
  pthread_atfork(NULL, NULL, NULL);
  pthread_exit(NULL);

  return 0;
}

Determining if the function pthread_create exists in the pthreads failed with the following output:
Change Dir: /home/mugesh/Project/image_stitching/build/CMakeFiles/CMakeTmp

Run Build Command(s):/usr/bin/make cmTC_218ce/fast && /usr/bin/make -f CMakeFiles/cmTC_218ce.dir/build.make CMakeFiles/cmTC_218ce.dir/build
make[1]: Entering directory '/home/mugesh/Project/image_stitching/build/CMakeFiles/CMakeTmp'
Building C object CMakeFiles/cmTC_218ce.dir/CheckFunctionExists.c.o
/usr/bin/cc   -fPIC -DCHECK_FUNCTION_EXISTS=pthread_create   -o CMakeFiles/cmTC_218ce.dir/CheckFunctionExists.c.o   -c /usr/share/cmake-3.16/Modules/CheckFunctionExists.c
Linking C executable cmTC_218ce
/usr/bin/cmake -E cmake_link_script CMakeFiles/cmTC_218ce.dir/link.txt --verbose=1
/usr/bin/cc -fPIC -DCHECK_FUNCTION_EXISTS=pthread_create    CMakeFiles/cmTC_218ce.dir/CheckFunctionExists.c.o  -o cmTC_218ce  -lpthreads 
/usr/bin/ld: cannot find -lpthreads
collect2: error: ld returned 1 exit status
make[1]: *** [CMakeFiles/cmTC_218ce.dir/build.make:87: cmTC_218ce] Error 1
make[1]: Leaving directory '/home/mugesh/Project/image_stitching/build/CMakeFiles/CMakeTmp'
make: *** [Makefile:121: cmTC_218ce/fast] Error 2



Performing C SOURCE FILE Test CMAKE_HAVE_LIBC_PTHREAD failed with the following output:
Change Dir: /home/mugesh/Project/image_stitching/build/CMakeFiles/CMakeTmp

Run Build Command(s):/usr/bin/make cmTC_21d20/fast && /usr/bin/make -f CMakeFiles/cmTC_21d20.dir/build.make CMakeFiles/cmTC_21d20.dir/build
make[1]: Entering directory '/home/mugesh/Project/image_stitching/build/CMakeFiles/CMakeTmp'
Building C object CMakeFiles/cmTC_21d20.dir/src.c.o
/usr/bin/cc   -fPIC -DCMAKE_HAVE_LIBC_PTHREAD   -o CMakeFiles/cmTC_21d20.dir/src.c.o   -c /home/mugesh/Project/image_stitching/build/CMakeFiles/CMakeTmp/src.c
Linking C executable cmTC_21d20
/usr/bin/cmake -E cmake_link_script CMakeFiles/cmTC_21d20.dir/link.txt --verbose=1
/usr/bin/cc -fPIC -DCMAKE_HAVE_LIBC_PTHREAD    CMakeFiles/cmTC_21d20.dir/src.c.o  -o cmTC_21d20 
/usr/bin/ld: CMakeFiles/cmTC_21d20.dir/src.c.o: in function `main':
src.c:(.text+0x46): undefined reference to `pthread_create'
/usr/bin/ld: src.c:(.text+0x52): undefined reference to `pthread_detach'
/usr/bin/ld: src.c:(.text+0x63): undefined reference to `pthread_join'
collect2: error: ld returned 1 exit status
make[1]: *** [CMakeFiles/cmTC_21d20.dir/build.make:87: cmTC_21d20] Error 1
make[1]: Leaving directory '/home/mugesh/Project/image_stitching/build/CMakeFiles/CMakeTmp'
make: *** [Makefile:121: cmTC_21d20/fast] Error 2


Source file was:
#include <pthread.h>

void* test_func(void* data)
{
  return data;
}

int main(void)
{
  pthread_t thread;
  pthread_create(&thread, NULL, test_func, NULL);
  pthread_detach(thread);
  pthread_join(thread, NULL);
  pthread_atfork(NULL, NULL, NULL);
  pthread_exit(NULL);

  return 0;
}

Determining if the function pthread_create exists in the pthreads failed with the following output:
Change Dir: /home/mugesh/Project/image_stitching/build/CMakeFiles/CMakeTmp

Run Build Command(s):/usr/bin/make cmTC_30f70/fast && /usr/bin/make -f CMakeFiles/cmTC_30f70.dir/build.make CMakeFiles/cmTC_30f70.dir/build
make[1]: Entering directory '/home/mugesh/Project/image_stitching/build/CMakeFiles/CMakeTmp'
Building C object CMakeFiles/cmTC_30f70.dir/CheckFunctionExists.c.o
/usr/bin/cc   -fPIC -DCHECK_FUNCTION_EXISTS=pthread_create   -o CMakeFiles/cmTC_30f70.dir/CheckFunctionExists.c.o   -c /usr/share/cmake-3.16/Modules/CheckFunctionExists.c
Linking C executable cmTC_30f70
/usr/bin/cmake -E cmake_link_script CMakeFiles/cmTC_30f70.dir/link.txt --verbose=1
/usr/bin/cc -fPIC -DCHECK_FUNCTION_EXISTS=pthread_create    CMakeFiles/cmTC_30f70.dir/CheckFunctionExists.c.o  -o cmTC_30f70  -lpthreads 
/usr/bin/ld: cannot find -lpthreads
collect2: error: ld returned 1 exit status
make[1]: *** [CMakeFiles/cmTC_30f70.dir/build.make:87: cmTC_30f70] Error 1
make[1]: Leaving directory '/home/mugesh/Project/image_stitching/build/CMakeFiles/CMakeTmp'
make: *** [Makefile:121: cmTC_30f70/fast] Error 2



